0 info it worked if it ends with ok
1 verbose cli [ 'C:\\Program Files\\nodejs\\\\node.exe',
1 verbose cli   'C:\\Program Files\\nodejs\\node_modules\\npm\\bin\\npm-cli.js',
1 verbose cli   'install',
1 verbose cli   '-g',
1 verbose cli   'generator-wsmh-appcd',
1 verbose cli   'D' ]
2 info using npm@1.4.14
3 info using node@v0.10.29
4 verbose node symlink C:\Program Files\nodejs\\node.exe
5 verbose cache add [ 'generator-wsmh-appcd', null ]
6 verbose cache add name=undefined spec="generator-wsmh-appcd" args=["generator-wsmh-appcd",null]
7 verbose parsed url { protocol: null,
7 verbose parsed url   slashes: null,
7 verbose parsed url   auth: null,
7 verbose parsed url   host: null,
7 verbose parsed url   port: null,
7 verbose parsed url   hostname: null,
7 verbose parsed url   hash: null,
7 verbose parsed url   search: null,
7 verbose parsed url   query: null,
7 verbose parsed url   pathname: 'generator-wsmh-appcd',
7 verbose parsed url   path: 'generator-wsmh-appcd',
7 verbose parsed url   href: 'generator-wsmh-appcd' }
8 verbose cache add [ 'D', null ]
9 verbose cache add name=undefined spec="D" args=["D",null]
10 verbose parsed url { protocol: null,
10 verbose parsed url   slashes: null,
10 verbose parsed url   auth: null,
10 verbose parsed url   host: null,
10 verbose parsed url   port: null,
10 verbose parsed url   hostname: null,
10 verbose parsed url   hash: null,
10 verbose parsed url   search: null,
10 verbose parsed url   query: null,
10 verbose parsed url   pathname: 'D',
10 verbose parsed url   path: 'D',
10 verbose parsed url   href: 'D' }
11 silly lockFile c3749178-generator-wsmh-appcd generator-wsmh-appcd
12 verbose lock generator-wsmh-appcd C:\Users\james.tease\AppData\Roaming\npm-cache\c3749178-generator-wsmh-appcd.lock
13 silly lockFile 50c9e8d5-D D
14 verbose lock D C:\Users\james.tease\AppData\Roaming\npm-cache\50c9e8d5-D.lock
15 silly lockFile c3749178-generator-wsmh-appcd generator-wsmh-appcd
16 silly lockFile c3749178-generator-wsmh-appcd generator-wsmh-appcd
17 silly lockFile 50c9e8d5-D D
18 silly lockFile 50c9e8d5-D D
19 verbose addNamed [ 'generator-wsmh-appcd', '' ]
20 verbose addNamed [ null, '*' ]
21 silly lockFile ee20f16e-generator-wsmh-appcd generator-wsmh-appcd@
22 verbose lock generator-wsmh-appcd@ C:\Users\james.tease\AppData\Roaming\npm-cache\ee20f16e-generator-wsmh-appcd.lock
23 verbose addNamed [ 'D', '' ]
24 verbose addNamed [ null, '*' ]
25 silly lockFile a05a7269-D D@
26 verbose lock D@ C:\Users\james.tease\AppData\Roaming\npm-cache\a05a7269-D.lock
27 silly addNameRange { name: 'generator-wsmh-appcd', range: '*', hasData: false }
28 verbose url raw generator-wsmh-appcd
29 verbose url resolving [ 'https://registry.npmjs.org/', './generator-wsmh-appcd' ]
30 verbose url resolved https://registry.npmjs.org/generator-wsmh-appcd
31 info trying registry request attempt 1 at 11:29:10
32 http GET https://registry.npmjs.org/generator-wsmh-appcd
33 silly addNameRange { name: 'D', range: '*', hasData: false }
34 verbose url raw D
35 verbose url resolving [ 'https://registry.npmjs.org/', './D' ]
36 verbose url resolved https://registry.npmjs.org/D
37 info trying registry request attempt 1 at 11:29:10
38 verbose etag "F0J7LG2JDT6143PM1IF56EI29"
39 http GET https://registry.npmjs.org/D
40 http 404 https://registry.npmjs.org/generator-wsmh-appcd
41 verbose headers { date: 'Thu, 31 Jul 2014 10:29:15 GMT',
41 verbose headers   server: 'CouchDB/1.5.0 (Erlang OTP/R16B03)',
41 verbose headers   'content-type': 'application/json',
41 verbose headers   'cache-control': 'max-age=0',
41 verbose headers   'content-length': '52',
41 verbose headers   'accept-ranges': 'bytes',
41 verbose headers   via: '1.1 varnish',
41 verbose headers   age: '0',
41 verbose headers   'x-served-by': 'cache-lcy1125-LCY',
41 verbose headers   'x-cache': 'MISS',
41 verbose headers   'x-cache-hits': '0',
41 verbose headers   'x-timer': 'S1406802555.074089,VS0,VE160',
41 verbose headers   'keep-alive': 'timeout=10, max=50',
41 verbose headers   connection: 'Keep-Alive' }
42 silly registry.get cb [ 404,
42 silly registry.get   { date: 'Thu, 31 Jul 2014 10:29:15 GMT',
42 silly registry.get     server: 'CouchDB/1.5.0 (Erlang OTP/R16B03)',
42 silly registry.get     'content-type': 'application/json',
42 silly registry.get     'cache-control': 'max-age=0',
42 silly registry.get     'content-length': '52',
42 silly registry.get     'accept-ranges': 'bytes',
42 silly registry.get     via: '1.1 varnish',
42 silly registry.get     age: '0',
42 silly registry.get     'x-served-by': 'cache-lcy1125-LCY',
42 silly registry.get     'x-cache': 'MISS',
42 silly registry.get     'x-cache-hits': '0',
42 silly registry.get     'x-timer': 'S1406802555.074089,VS0,VE160',
42 silly registry.get     'keep-alive': 'timeout=10, max=50',
42 silly registry.get     connection: 'Keep-Alive' } ]
43 silly lockFile ee20f16e-generator-wsmh-appcd generator-wsmh-appcd@
44 silly lockFile ee20f16e-generator-wsmh-appcd generator-wsmh-appcd@
45 http 404 https://registry.npmjs.org/D
46 verbose headers { date: 'Thu, 31 Jul 2014 10:29:15 GMT',
46 verbose headers   server: 'CouchDB/1.5.0 (Erlang OTP/R16B03)',
46 verbose headers   'content-type': 'application/json',
46 verbose headers   'cache-control': 'max-age=0',
46 verbose headers   'content-length': '52',
46 verbose headers   'accept-ranges': 'bytes',
46 verbose headers   via: '1.1 varnish',
46 verbose headers   age: '0',
46 verbose headers   'x-served-by': 'cache-lcy1121-LCY',
46 verbose headers   'x-cache': 'MISS',
46 verbose headers   'x-cache-hits': '0',
46 verbose headers   'x-timer': 'S1406802555.072893,VS0,VE165',
46 verbose headers   'keep-alive': 'timeout=10, max=50',
46 verbose headers   connection: 'Keep-Alive' }
47 silly registry.get cb [ 304, undefined ]
48 verbose etag D from cache
49 error 404 404 Not Found: generator-wsmh-appcd
49 error 404
49 error 404 'generator-wsmh-appcd' is not in the npm registry.
49 error 404 You should bug the author to publish it
49 error 404
49 error 404 Note that you can also install from a
49 error 404 tarball, folder, or http url, or git url.
50 error System Windows_NT 6.2.9200
51 error command "C:\\Program Files\\nodejs\\\\node.exe" "C:\\Program Files\\nodejs\\node_modules\\npm\\bin\\npm-cli.js" "install" "-g" "generator-wsmh-appcd" "D"
52 error cwd D:\stuff\generator\generator-wsmh-app
53 error node -v v0.10.29
54 error npm -v 1.4.14
55 error code E404
56 verbose exit [ 1, true ]
